<?xml version="1.0" encoding="UTF-8"?>
<!-- Generated by org.testng.reporters.JUnitReportReporter -->
<testsuite hostname="DESKTOP-D7OP2E3" failures="0" tests="7" name="com.ecommerce.stepdefinition.Flipkart" time="3.342" errors="0" timestamp="15 Jan 2022 06:08:04 GMT" skipped="0">
  <testcase classname="com.ecommerce.stepdefinition.Flipkart" name="login" time="0.172"/>
  <testcase classname="com.ecommerce.stepdefinition.Flipkart" name="search" time="0.167"/>
  <testcase classname="com.ecommerce.stepdefinition.Flipkart" name="name" time="0.872"/>
  <testcase classname="com.ecommerce.stepdefinition.Flipkart" name="window" time="0.019"/>
  <testcase classname="com.ecommerce.stepdefinition.Flipkart" name="validation" time="1.588"/>
  <testcase classname="com.ecommerce.stepdefinition.Flipkart" name="screenshot" time="0.292"/>
  <testcase classname="com.ecommerce.stepdefinition.Flipkart" name="screenshot" time="0.232"/>
</testsuite> <!-- com.ecommerce.stepdefinition.Flipkart -->
