<?xml version="1.0" encoding="UTF-8"?>
<!-- Generated by org.testng.reporters.JUnitReportReporter -->
<testsuite hostname="DESKTOP-D7OP2E3" failures="0" tests="1" name="com.ecommerce.stepdefinition.Amazon" time="6.218" errors="0" timestamp="15 Jan 2022 05:43:59 GMT" skipped="0">
  <testcase classname="com.ecommerce.stepdefinition.Amazon" name="method1" time="6.218"/>
</testsuite> <!-- com.ecommerce.stepdefinition.Amazon -->
